2022-01-22 00:22[INFO] [SpringApplicationShutdownHook][o.s.o.j.LocalContainerEntityManagerFactoryBean:651]Closing JPA EntityManagerFactory for persistence unit 'default'
2022-01-22 00:22[INFO] [SpringApplicationShutdownHook][c.z.h.HikariDataSource:350]HikariPool-1 - Shutdown initiated...
2022-01-22 00:22[INFO] [SpringApplicationShutdownHook][c.z.h.HikariDataSource:352]HikariPool-1 - Shutdown completed.
2022-01-22 00:22[INFO] [restartedMain][c.b.e.EmployeePayRollApplication:55]Starting EmployeePayRollApplication using Java 18 on LAPTOP-9VLT2MT4 with PID 25076 (C:\Users\Vanishree\Documents\CSP\EmployeePayRoll\target\classes started by Vanishree in C:\Users\Vanishree\Documents\CSP\EmployeePayRoll)
2022-01-22 00:22[INFO] [restartedMain][c.b.e.EmployeePayRollApplication:640]The following 1 profile is active: "dev"
2022-01-22 00:22[INFO] [restartedMain][o.s.b.d.e.DevToolsPropertyDefaultsPostProcessor:255]Devtools property defaults active! Set 'spring.devtools.add-properties' to 'false' to disable
2022-01-22 00:22[INFO] [restartedMain][o.s.b.d.e.DevToolsPropertyDefaultsPostProcessor:255]For additional web related logging consider setting the 'logging.level.web' property to 'DEBUG'
2022-01-22 00:22[INFO] [restartedMain][o.s.d.r.c.RepositoryConfigurationDelegate:132]Bootstrapping Spring Data JPA repositories in DEFAULT mode.
2022-01-22 00:22[INFO] [restartedMain][o.s.d.r.c.RepositoryConfigurationDelegate:201]Finished Spring Data repository scanning in 46 ms. Found 1 JPA repository interfaces.
2022-01-22 00:22[INFO] [restartedMain][o.s.b.w.e.t.TomcatWebServer:108]Tomcat initialized with port(s): 8080 (http)
2022-01-22 00:22[INFO] [restartedMain][o.a.c.c.StandardService:173]Starting service [Tomcat]
2022-01-22 00:22[INFO] [restartedMain][o.a.c.c.StandardEngine:173]Starting Servlet engine: [Apache Tomcat/9.0.64]
2022-01-22 00:22[INFO] [restartedMain][o.a.c.c.C.[.[.[/]:173]Initializing Spring embedded WebApplicationContext
2022-01-22 00:22[INFO] [restartedMain][o.s.b.w.s.c.ServletWebServerApplicationContext:292]Root WebApplicationContext: initialization completed in 1454 ms
2022-01-22 00:22[INFO] [restartedMain][o.h.j.i.u.LogHelper:31]HHH000204: Processing PersistenceUnitInfo [name: default]
2022-01-22 00:22[INFO] [restartedMain][o.h.Version:44]HHH000412: Hibernate ORM core version 5.6.9.Final
2022-01-22 00:22[INFO] [restartedMain][o.h.a.c.Version:56]HCANN000001: Hibernate Commons Annotations {5.1.2.Final}
2022-01-22 00:22[INFO] [restartedMain][c.z.h.HikariDataSource:110]HikariPool-1 - Starting...
2022-01-22 00:22[WARN] [restartedMain][c.z.h.u.DriverDataSource:70]Registered driver with driverClassName=com.mysql.jdbc.Driver was not found, trying direct instantiation.
2022-01-22 00:22[INFO] [restartedMain][c.z.h.HikariDataSource:123]HikariPool-1 - Start completed.
2022-01-22 00:22[INFO] [restartedMain][o.h.d.Dialect:175]HHH000400: Using dialect: org.hibernate.dialect.MySQL8Dialect
2022-01-22 00:22[INFO] [restartedMain][o.h.e.t.j.p.i.JtaPlatformInitiator:52]HHH000490: Using JtaPlatform implementation: [org.hibernate.engine.transaction.jta.platform.internal.NoJtaPlatform]
2022-01-22 00:22[INFO] [restartedMain][o.s.o.j.LocalContainerEntityManagerFactoryBean:437]Initialized JPA EntityManagerFactory for persistence unit 'default'
2022-01-22 00:22[WARN] [restartedMain][o.s.b.a.o.j.JpaBaseConfiguration$JpaWebConfiguration:219]spring.jpa.open-in-view is enabled by default. Therefore, database queries may be performed during view rendering. Explicitly configure spring.jpa.open-in-view to disable this warning
2022-01-22 00:22[WARN] [restartedMain][o.s.b.a.t.ThymeleafAutoConfiguration$DefaultTemplateResolverConfiguration:103]Cannot find template location: classpath:/templates/ (please add some templates or check your Thymeleaf configuration)
2022-01-22 00:22[INFO] [restartedMain][o.s.b.d.a.OptionalLiveReloadServer:58]LiveReload server is running on port 35729
2022-01-22 00:22[INFO] [restartedMain][o.s.b.w.e.t.TomcatWebServer:220]Tomcat started on port(s): 8080 (http) with context path ''
2022-01-22 00:22[INFO] [restartedMain][c.b.e.EmployeePayRollApplication:61]Started EmployeePayRollApplication in 3.838 seconds (JVM running for 4.661)
2022-01-22 00:22[INFO] [restartedMain][c.b.e.EmployeePayRollApplication:14]employee Pay roll started
2022-01-22 00:22[INFO] [http-nio-8080-exec-1][o.a.c.c.C.[.[.[/]:173]Initializing Spring DispatcherServlet 'dispatcherServlet'
2022-01-22 00:22[INFO] [http-nio-8080-exec-1][o.s.w.s.DispatcherServlet:525]Initializing Servlet 'dispatcherServlet'
2022-01-22 00:22[INFO] [http-nio-8080-exec-1][o.s.w.s.DispatcherServlet:547]Completed initialization in 1 ms
2022-01-22 00:22[WARN] [http-nio-8080-exec-6][o.s.w.s.m.m.a.ExceptionHandlerExceptionResolver:208]Resolved [org.springframework.web.bind.MethodArgumentNotValidException: Validation failed for argument [0] in public org.springframework.http.ResponseEntity<com.bridgelabz.employeepayroll.dto.ResponseDTO> com.bridgelabz.employeepayroll.controller.EmployeePayRollController.add(com.bridgelabz.employeepayroll.dto.EmployeeDTO): [Field error in object 'employeeDTO' on field 'employeeName': rejected value [kadhu]; codes [Pattern.employeeDTO.employeeName,Pattern.employeeName,Pattern.java.lang.String,Pattern]; arguments [org.springframework.context.support.DefaultMessageSourceResolvable: codes [employeeDTO.employeeName,employeeName]; arguments []; default message [employeeName],[Ljavax.validation.constraints.Pattern$Flag;@5847a9af,^[A-Z]{1}[a-zA-Z]{2,}$]; default message [Employee Name Invalid]] ]
